--- Copying files at Sat Oct  8 04:01:14 UTC 2022
--- Copying files at Sat Oct  8 05:05:37 UTC 2022
--- Copying files at Sun Oct  9 03:03:45 UTC 2022
--- Copying files at Sun Oct  9 03:16:25 UTC 2022
--- Copying files at Sun Oct  9 03:18:33 UTC 2022
--- Copying files at Mon Oct 10 02:44:58 UTC 2022
--- Copying files at Tue Oct 11 03:43:51 UTC 2022
--- Copying files at Tue Oct 11 05:22:34 UTC 2022
--- Copying files at Tue Oct 11 08:39:13 UTC 2022
--- Copying files at Tue Oct 11 09:44:13 UTC 2022
--- Copying files at Wed Oct 12 07:15:41 UTC 2022
--- Copying files at Thu Oct 13 06:02:37 UTC 2022
--- Copying files at Thu Oct 13 08:14:07 UTC 2022
--- Copying files at Thu Oct 13 13:55:26 UTC 2022
--- Copying files at Sat Oct 15 12:45:49 UTC 2022
--- Copying files at Sun Oct 16 01:34:46 UTC 2022
--- Copying files at Mon Oct 17 05:07:10 UTC 2022
--- Copying files at Wed Oct 19 10:19:32 UTC 2022
--- Copying files at Fri Oct 21 05:15:24 UTC 2022
--- Copying files at Fri Oct 21 05:46:59 UTC 2022
--- Copying files at Fri Oct 21 08:28:15 UTC 2022
--- Copying files at Sat Oct 22 05:55:42 UTC 2022
--- Copying files at Sat Oct 22 11:02:48 UTC 2022
--- Copying files at Sat Oct 22 12:25:45 UTC 2022
--- Copying files at Sat Oct 22 14:33:44 UTC 2022
--- Copying files at Sun Oct 23 07:52:21 UTC 2022
--- Copying files at Sun Oct 23 09:28:25 UTC 2022
--- Copying files at Sun Oct 23 09:41:36 UTC 2022
--- Copying files at Mon Oct 24 02:56:51 UTC 2022
--- Copying files at Mon Oct 24 03:06:04 UTC 2022
--- Copying files at Wed Oct 26 10:03:20 UTC 2022
--- Copying files at Thu Oct 27 09:30:47 UTC 2022
--- Copying files at Fri Oct 28 02:58:28 UTC 2022
--- Copying files at Sat Oct 29 03:01:20 UTC 2022
--- Copying files at Sat Oct 29 12:55:23 UTC 2022
--- Copying files at Sun Oct 30 02:17:00 UTC 2022
--- Copying files at Sun Oct 30 02:22:10 UTC 2022
--- Copying files at Sun Oct 30 02:26:02 UTC 2022
--- Copying files at Sun Oct 30 02:59:52 UTC 2022
--- Copying files at Sun Oct 30 03:21:11 UTC 2022
--- Copying files at Sun Oct 30 04:13:13 UTC 2022
--- Copying files at Mon Oct 31 02:07:16 UTC 2022
--- Copying files at Tue Nov  1 11:53:05 UTC 2022
