Started at Tue Nov 01 12:33:19 UTC 2022
Processing ansible-test
Offering ansible-test to Project Build Discarder
Processing DSL-job
Offering DSL-job to Project Build Discarder
Processing DSL-web-automation
Offering DSL-web-automation to Project Build Discarder
Processing maven-test
Offering maven-test to Project Build Discarder
Processing mysql_backup
Offering mysql_backup to Project Build Discarder
Processing new-pipe
Offering new-pipe to Project Build Discarder
Processing pipeline-test
Offering pipeline-test to Project Build Discarder
Processing remote-ssh-pipe
Offering remote-ssh-pipe to Project Build Discarder
Processing ssh_remote
Offering ssh_remote to Project Build Discarder
Processing test1
Offering test1 to Project Build Discarder
Processing tomcat_web
Offering tomcat_web to Project Build Discarder
Processing website-automation
Offering website-automation to Project Build Discarder
Processing website-docker
Offering website-docker to Project Build Discarder
Finished at Tue Nov 01 12:33:19 UTC 2022. 6ms
Started at Tue Nov 01 13:33:19 UTC 2022
Processing ansible-test
Offering ansible-test to Project Build Discarder
Processing DSL-job
Offering DSL-job to Project Build Discarder
Processing DSL-web-automation
Offering DSL-web-automation to Project Build Discarder
Processing maven-test
Offering maven-test to Project Build Discarder
Processing mysql_backup
Offering mysql_backup to Project Build Discarder
Processing new-pipe
Offering new-pipe to Project Build Discarder
Processing pipeline-test
Offering pipeline-test to Project Build Discarder
Processing remote-ssh-pipe
Offering remote-ssh-pipe to Project Build Discarder
Processing ssh_remote
Offering ssh_remote to Project Build Discarder
Processing test1
Offering test1 to Project Build Discarder
Processing tomcat_web
Offering tomcat_web to Project Build Discarder
Processing website-automation
Offering website-automation to Project Build Discarder
Processing website-docker
Offering website-docker to Project Build Discarder
Finished at Tue Nov 01 13:33:19 UTC 2022. 1ms
